<?xml version="1.0" encoding="UTF-8"?>
<!-- Generated by org.testng.reporters.JUnitReportReporter -->
<testsuite hostname="DESKTOP-Q2B064J" failures="0" tests="1" name="Searching.TC_search_08" time="49.498" errors="0" timestamp="2021-07-22T10:45:49 IST" skipped="0">
  <testcase classname="Searching.TC_search_08" name="checkSearch_product" time="49.498"/>
  <system-out/>
</testsuite> <!-- Searching.TC_search_08 -->
