<?xml version="1.0" encoding="UTF-8"?>
<!-- Generated by org.testng.reporters.JUnitReportReporter -->
<testsuite hostname="DESKTOP-Q2B064J" failures="0" tests="1" name="feedback.TC_feedback_19" time="47.466" errors="0" timestamp="2021-07-23T12:52:22 IST" skipped="0">
  <testcase classname="feedback.TC_feedback_19" name="write_Review" time="47.466"/>
  <system-out/>
</testsuite> <!-- feedback.TC_feedback_19 -->
