<?xml version="1.0" encoding="UTF-8"?>
<!-- Generated by org.testng.reporters.JUnitReportReporter -->
<testsuite hostname="DESKTOP-Q2B064J" failures="0" tests="1" name="feedback.TC_feedback_20" time="51.905" errors="0" timestamp="2021-07-23T12:44:24 IST" skipped="0">
  <testcase classname="feedback.TC_feedback_20" name="give_Feedback" time="51.905"/>
  <system-out/>
</testsuite> <!-- feedback.TC_feedback_20 -->
