<?xml version="1.0" encoding="UTF-8"?>
<!-- Generated by org.testng.reporters.JUnitReportReporter -->
<testsuite hostname="DESKTOP-Q2B064J" failures="0" tests="1" name="payment.TC_payment_16" time="90.436" errors="0" timestamp="2021-07-23T12:35:20 IST" skipped="0">
  <testcase classname="payment.TC_payment_16" name="checkPaymentOption" time="90.436"/>
  <system-out/>
</testsuite> <!-- payment.TC_payment_16 -->
