<?xml version="1.0" encoding="UTF-8"?>
<!-- Generated by org.testng.reporters.JUnitReportReporter -->
<testsuite hostname="DESKTOP-Q2B064J" failures="0" tests="1" name="productpage.TC_product_05" time="43.132" errors="0" timestamp="2021-07-21T13:45:21 IST" skipped="0">
  <testcase classname="productpage.TC_product_05" name="checkProduct" time="43.132"/>
  <system-out/>
</testsuite> <!-- productpage.TC_product_05 -->
