<?xml version="1.0" encoding="UTF-8"?>
<!-- Generated by org.testng.reporters.JUnitReportReporter -->
<testsuite hostname="DESKTOP-Q2B064J" failures="0" tests="1" name="addtocart.TC_cart_14" time="46.124" errors="0" timestamp="2021-07-23T12:55:56 IST" skipped="0">
  <testcase classname="addtocart.TC_cart_14" name="click_AddToCart" time="46.124"/>
  <system-out/>
</testsuite> <!-- addtocart.TC_cart_14 -->
