<?xml version="1.0" encoding="UTF-8"?>
<!-- Generated by org.testng.reporters.JUnitReportReporter -->
<testsuite hostname="DESKTOP-Q2B064J" failures="0" tests="1" name="Searching.TC_search_07" time="14.532" errors="0" timestamp="2021-07-20T19:56:00 IST" skipped="0">
  <testcase classname="Searching.TC_search_07" name="checkSearch_button" time="14.532"/>
  <system-out/>
</testsuite> <!-- Searching.TC_search_07 -->
