<?xml version="1.0" encoding="UTF-8"?>
<!-- Generated by org.testng.reporters.JUnitReportReporter -->
<testsuite hostname="DESKTOP-Q2B064J" failures="0" tests="1" name="Searching.TC_search_09" time="44.030" errors="0" timestamp="2021-07-20T20:09:24 IST" skipped="0">
  <testcase classname="Searching.TC_search_09" name="checkSearchNextWindow" time="44.030"/>
  <system-out/>
</testsuite> <!-- Searching.TC_search_09 -->
