<?xml version="1.0" encoding="UTF-8"?>
<!-- Generated by org.testng.reporters.JUnitReportReporter -->
<testsuite hostname="DESKTOP-Q2B064J" failures="0" tests="1" name="feedback.TC_feedback_18" time="35.155" errors="0" timestamp="2021-07-23T12:53:50 IST" skipped="0">
  <testcase classname="feedback.TC_feedback_18" name="check_StarRatings" time="35.155"/>
  <system-out/>
</testsuite> <!-- feedback.TC_feedback_18 -->
