<?xml version="1.0" encoding="UTF-8"?>
<!-- Generated by org.testng.reporters.JUnitReportReporter -->
<testsuite hostname="DESKTOP-Q2B064J" failures="0" tests="1" name="feedback.TC_feedback_15" time="62.786" errors="0" timestamp="2021-07-21T20:45:45 IST" skipped="0">
  <testcase classname="feedback.TC_feedback_15" name="check_StarRatings" time="62.786"/>
  <system-out/>
</testsuite> <!-- feedback.TC_feedback_15 -->
