<?xml version="1.0" encoding="UTF-8"?>
<!-- Generated by org.testng.reporters.JUnitReportReporter -->
<testsuite hostname="DESKTOP-Q2B064J" failures="0" tests="1" name="feedback.TC_feedback_17" time="76.372" errors="0" timestamp="2021-07-20T21:53:44 IST" skipped="0">
  <testcase classname="feedback.TC_feedback_17" name="give_Feedback" time="76.372"/>
  <system-out/>
</testsuite> <!-- feedback.TC_feedback_17 -->
