<?xml version="1.0" encoding="UTF-8"?>
<!-- Generated by org.testng.reporters.JUnitReportReporter -->
<testsuite hostname="DESKTOP-Q2B064J" failures="0" tests="1" name="productpage.TC_product_10" time="34.904" errors="0" timestamp="2021-07-23T12:26:38 IST" skipped="0">
  <testcase classname="productpage.TC_product_10" name="checkProduct_features" time="34.904"/>
  <system-out/>
</testsuite> <!-- productpage.TC_product_10 -->
