<?xml version="1.0" encoding="UTF-8"?>
<!-- Generated by org.testng.reporters.JUnitReportReporter -->
<testsuite hostname="DESKTOP-Q2B064J" failures="0" tests="1" name="registration.TC_newuser_02" time="149.294" errors="0" timestamp="2021-07-20T19:23:43 IST" skipped="0">
  <testcase classname="registration.TC_newuser_02" name="valid_Newuser" time="149.294"/>
  <system-out/>
</testsuite> <!-- registration.TC_newuser_02 -->
