<?xml version="1.0" encoding="UTF-8"?>
<!-- Generated by org.testng.reporters.JUnitReportReporter -->
<testsuite hostname="DESKTOP-Q2B064J" failures="0" tests="1" name="addtocart.TC_cart_10" time="36.431" errors="0" timestamp="2021-07-20T21:58:12 IST" skipped="0">
  <testcase classname="addtocart.TC_cart_10" name="click_AddToCart" time="36.431"/>
  <system-out/>
</testsuite> <!-- addtocart.TC_cart_10 -->
