<?xml version="1.0" encoding="UTF-8"?>
<!-- Generated by org.testng.reporters.JUnitReportReporter -->
<testsuite hostname="DESKTOP-Q2B064J" failures="0" tests="1" name="login.TC_existinguser_05" time="27.776" errors="0" timestamp="2021-07-23T20:12:53 IST" skipped="0">
  <testcase classname="login.TC_existinguser_05" name="valid_Username" time="27.776"/>
  <system-out/>
</testsuite> <!-- login.TC_existinguser_05 -->
