<?xml version="1.0" encoding="UTF-8"?>
<!-- Generated by org.testng.reporters.JUnitReportReporter -->
<testsuite hostname="DESKTOP-Q2B064J" failures="0" tests="1" name="feedback.TC_feedback_16" time="121.074" errors="0" timestamp="2021-07-20T20:29:03 IST" skipped="0">
  <testcase classname="feedback.TC_feedback_16" name="write_Review" time="121.074"/>
  <system-out/>
</testsuite> <!-- feedback.TC_feedback_16 -->
