<?xml version="1.0" encoding="UTF-8"?>
<!-- Generated by org.testng.reporters.JUnitReportReporter -->
<testsuite hostname="DESKTOP-Q2B064J" failures="0" tests="1" name="login.TC_existinguser_03" time="47.672" errors="0" timestamp="2021-07-21T12:41:35 IST" skipped="0">
  <testcase classname="login.TC_existinguser_03" name="valid_Username" time="47.672"/>
  <system-out/>
</testsuite> <!-- login.TC_existinguser_03 -->
