<?xml version="1.0" encoding="UTF-8"?>
<!-- Generated by org.testng.reporters.JUnitReportReporter -->
<testsuite hostname="DESKTOP-Q2B064J" failures="0" tests="1" name="registration.TC_newuser_04" time="27.331" errors="0" timestamp="2021-07-23T11:14:20 IST" skipped="0">
  <testcase classname="registration.TC_newuser_04" name="validate_Newuser" time="27.331"/>
  <system-out/>
</testsuite> <!-- registration.TC_newuser_04 -->
