<?xml version="1.0" encoding="UTF-8"?>
<!-- Generated by org.testng.reporters.JUnitReportReporter -->
<testsuite hostname="DESKTOP-Q2B064J" failures="0" tests="1" name="payment.TC_payment_13" time="32.372" errors="0" timestamp="2021-07-20T22:05:47 IST" skipped="0">
  <testcase classname="payment.TC_payment_13" name="checkCardDetail" time="32.372"/>
  <system-out/>
</testsuite> <!-- payment.TC_payment_13 -->
