<?xml version="1.0" encoding="UTF-8"?>
<!-- Generated by org.testng.reporters.JUnitReportReporter -->
<testsuite hostname="DESKTOP-Q2B064J" failures="0" tests="1" name="productpage.TC_product_06" time="42.974" errors="0" timestamp="2021-07-20T19:54:06 IST" skipped="0">
  <testcase classname="productpage.TC_product_06" name="checkProduct_features" time="42.974"/>
  <system-out/>
</testsuite> <!-- productpage.TC_product_06 -->
