<?xml version="1.0" encoding="UTF-8"?>
<!-- Generated by org.testng.reporters.JUnitReportReporter -->
<testsuite hostname="DESKTOP-Q2B064J" failures="0" tests="1" name="Searching.TC_search_13" time="36.585" errors="0" timestamp="2021-07-23T12:31:42 IST" skipped="0">
  <testcase classname="Searching.TC_search_13" name="checkSearchNextWindow" time="36.585"/>
  <system-out/>
</testsuite> <!-- Searching.TC_search_13 -->
