<?xml version="1.0" encoding="UTF-8"?>
<!-- Generated by org.testng.reporters.JUnitReportReporter -->
<testsuite hostname="DESKTOP-Q2B064J" failures="0" tests="1" name="addtocart.TC_cart_11" time="64.663" errors="0" timestamp="2021-07-20T22:00:04 IST" skipped="0">
  <testcase classname="addtocart.TC_cart_11" name="check_delete" time="64.663"/>
  <system-out/>
</testsuite> <!-- addtocart.TC_cart_11 -->
