<?xml version="1.0" encoding="UTF-8"?>
<!-- Generated by org.testng.reporters.JUnitReportReporter -->
<testsuite hostname="DESKTOP-Q2B064J" failures="0" tests="1" name="Loginmodule.login" time="22.690" errors="0" timestamp="09 Jul 2021 07:52:17 GMT" skipped="0">
  <testcase classname="Loginmodule.login" name="loginFun" time="22.690"/>
</testsuite> <!-- Loginmodule.login -->
