<?xml version="1.0" encoding="UTF-8"?>
<!-- Generated by org.testng.reporters.JUnitReportReporter -->
<testsuite hostname="DESKTOP-Q2B064J" failures="0" tests="1" name="payment.TC_payment_12" time="90.646" errors="0" timestamp="2021-07-22T10:54:31 IST" skipped="0">
  <testcase classname="payment.TC_payment_12" name="checkPaymentOption" time="90.646"/>
  <system-out/>
</testsuite> <!-- payment.TC_payment_12 -->
