<?xml version="1.0" encoding="UTF-8"?>
<!-- Generated by org.testng.reporters.JUnitReportReporter -->
<testsuite hostname="DESKTOP-Q2B064J" failures="0" tests="1" name="Searching.TC_search_08" time="46.180" errors="0" timestamp="2021-07-20T19:57:54 IST" skipped="0">
  <testcase classname="Searching.TC_search_08" name="checkSearch_product" time="46.180"/>
  <system-out/>
</testsuite> <!-- Searching.TC_search_08 -->
