<?xml version="1.0" encoding="UTF-8"?>
<!-- Generated by org.testng.reporters.JUnitReportReporter -->
<testsuite hostname="DESKTOP-Q2B064J" failures="0" tests="1" name="login.TC_existinguser_04" time="23.096" errors="0" timestamp="2021-07-21T12:46:48 IST" skipped="0">
  <testcase classname="login.TC_existinguser_04" name="invalid_login" time="23.096"/>
  <system-out/>
</testsuite> <!-- login.TC_existinguser_04 -->
