<?xml version="1.0" encoding="UTF-8"?>
<!-- Generated by org.testng.reporters.JUnitReportReporter -->
<testsuite hostname="DESKTOP-Q2B064J" failures="0" tests="1" name="addtocart.TC_cart_15" time="51.432" errors="0" timestamp="2021-07-23T13:01:43 IST" skipped="0">
  <testcase classname="addtocart.TC_cart_15" name="check_delete" time="51.432"/>
  <system-out/>
</testsuite> <!-- addtocart.TC_cart_15 -->
